<?xml version="1.0" encoding="UTF-8"?>
<testsuite name="TestSuite" time="0.074" tests="13" errors="0" skipped="0" failures="5">
  <properties>
[...]
</properties>
  <testcase name="ArthaDB_ProdCodes_Check_TC001" classname="exe.Arthadb_Automation" time="0.016"/>
  <testcase name="ArthaDB_AuditDates_Check_TC002" classname="exe.Arthadb_Automation" time="0.005"/>
  <testcase name="ArthaDB_Account_Number_Check_TC003" classname="exe.Arthadb_Automation" time="0.003"/>
  <testcase name="ArthaDB_ChargeType_Check_TC004" classname="exe.Arthadb_Automation" time="0"/>
  <testcase name="ArthaDB_Invoice_Number_Check_TC005" classname="exe.Arthadb_Automation" time="0.004"/>
  <testcase name="ArthaDB_Transaction_Amount_Check_TC006" classname="exe.Arthadb_Automation" time="0.004"/>
  <testcase name="ArthaDB_ChargeSign_Check_TC007" classname="exe.Arthadb_Automation" time="0.007">
    <failure message="PAYMENTS-Charge Sign Codes check is Failed at Account_Number=ACCD101N8776123, expected:&lt;0&gt; but was:&lt;1&gt;" type="junit.framework.AssertionFailedError"><![CDATA[junit.framework.AssertionFailedError: PAYMENTS-Charge Sign Codes check is Failed at Account_Number=ACCD101N8776123, expected:<0> but was:<1>
	at junit.framework.Assert.fail(Assert.java:57)
	at junit.framework.Assert.failNotEquals(Assert.java:329)
	at junit.framework.Assert.assertEquals(Assert.java:78)
	at junit.framework.Assert.assertEquals(Assert.java:234)
	at exe.Arthadb_Automation.ArthaDB_ChargeSign_Check_TC007(Arthadb_Automation.java:319)
]]></failure>
    <system-err><![CDATA[Thu Sep 28 15:00:18 IST 2017 WARN: Establishing SSL connection without server's identity verification is not recommended. According to MySQL 5.5.45+, 5.6.26+ and 5.7.6+ requirements SSL connection must be established by default if explicit option isn't set. For compliance with existing applications not using SSL the verifyServerCertificate property is set to 'false'. You need either to explicitly disable SSL by setting useSSL=false, or set useSSL=true and provide truststore for server certificate verification.
]]></system-err>
  </testcase>
  <testcase name="ArthaDB_Record_Type_Check_TC008" classname="exe.Arthadb_Automation" time="0.002">
    <failure message="PAYMENTS-Record Type check is Failed at Invoice_Number=J9908844423C102,J9160067066C122,J91606706e6C122, expected:&lt;0&gt; but was:&lt;3&gt;" type="junit.framework.AssertionFailedError"><![CDATA[junit.framework.AssertionFailedError: PAYMENTS-Record Type check is Failed at Invoice_Number=J9908844423C102,J9160067066C122,J91606706e6C122, expected:<0> but was:<3>
	at junit.framework.Assert.fail(Assert.java:57)
	at junit.framework.Assert.failNotEquals(Assert.java:329)
	at junit.framework.Assert.assertEquals(Assert.java:78)
	at junit.framework.Assert.assertEquals(Assert.java:234)
	at exe.Arthadb_Automation.ArthaDB_Record_Type_Check_TC008(Arthadb_Automation.java:360)
]]></failure>
    <system-err><![CDATA[Thu Sep 28 15:00:18 IST 2017 WARN: Establishing SSL connection without server's identity verification is not recommended. According to MySQL 5.5.45+, 5.6.26+ and 5.7.6+ requirements SSL connection must be established by default if explicit option isn't set. For compliance with existing applications not using SSL the verifyServerCertificate property is set to 'false'. You need either to explicitly disable SSL by setting useSSL=false, or set useSSL=true and provide truststore for server certificate verification.
]]></system-err>
  </testcase>
  <testcase name="ArthaDB_Customer_FirstName_Check_TC009" classname="exe.Arthadb_Automation" time="0.004">
    <failure message="CUSTOMERS-First Name check is Failed at SSN=620-74-4374, expected:&lt;0&gt; but was:&lt;1&gt;" type="junit.framework.AssertionFailedError"><![CDATA[junit.framework.AssertionFailedError: CUSTOMERS-First Name check is Failed at SSN=620-74-4374, expected:<0> but was:<1>
	at junit.framework.Assert.fail(Assert.java:57)
	at junit.framework.Assert.failNotEquals(Assert.java:329)
	at junit.framework.Assert.assertEquals(Assert.java:78)
	at junit.framework.Assert.assertEquals(Assert.java:234)
	at exe.Arthadb_Automation.ArthaDB_Customer_FirstName_Check_TC009(Arthadb_Automation.java:401)
]]></failure>
    <system-err><![CDATA[Thu Sep 28 15:00:18 IST 2017 WARN: Establishing SSL connection without server's identity verification is not recommended. According to MySQL 5.5.45+, 5.6.26+ and 5.7.6+ requirements SSL connection must be established by default if explicit option isn't set. For compliance with existing applications not using SSL the verifyServerCertificate property is set to 'false'. You need either to explicitly disable SSL by setting useSSL=false, or set useSSL=true and provide truststore for server certificate verification.
]]></system-err>
  </testcase>
  <testcase name="ArthaDB_Customers_SSN_Check_TC010" classname="exe.Arthadb_Automation" time="0.007">
    <failure message="CUSTOMERS- SSN check is Failed at CustomerPK=5, expected:&lt;0&gt; but was:&lt;1&gt;" type="junit.framework.AssertionFailedError"><![CDATA[junit.framework.AssertionFailedError: CUSTOMERS- SSN check is Failed at CustomerPK=5, expected:<0> but was:<1>
	at junit.framework.Assert.fail(Assert.java:57)
	at junit.framework.Assert.failNotEquals(Assert.java:329)
	at junit.framework.Assert.assertEquals(Assert.java:78)
	at junit.framework.Assert.assertEquals(Assert.java:234)
	at exe.Arthadb_Automation.ArthaDB_Customers_SSN_Check_TC010(Arthadb_Automation.java:442)
]]></failure>
    <system-err><![CDATA[Thu Sep 28 15:00:19 IST 2017 WARN: Establishing SSL connection without server's identity verification is not recommended. According to MySQL 5.5.45+, 5.6.26+ and 5.7.6+ requirements SSL connection must be established by default if explicit option isn't set. For compliance with existing applications not using SSL the verifyServerCertificate property is set to 'false'. You need either to explicitly disable SSL by setting useSSL=false, or set useSSL=true and provide truststore for server certificate verification.
]]></system-err>
  </testcase>
  <testcase name="ArthaDB_Record_Type_Check_TC011" classname="exe.Arthadb_Automation" time="0.006"/>
  <testcase name="ArthaDB_Premise_City_Check_TC012" classname="exe.Arthadb_Automation" time="0.005"/>
  <testcase name="TestRunFinalProcess" classname="exe.ExcelRun" time="0.011">
    <failure message="C:\Artha\ArthaDB_Automation_TestResults.xls (The process cannot access the file because it is being used by another process)" type="java.io.FileNotFoundException"><![CDATA[java.io.FileNotFoundException: C:\Artha\ArthaDB_Automation_TestResults.xls (The process cannot access the file because it is being used by another process)
	at java.io.FileOutputStream.open0(Native Method)
	at java.io.FileOutputStream.open(Unknown Source)
	at java.io.FileOutputStream.<init>(Unknown Source)
	at java.io.FileOutputStream.<init>(Unknown Source)
	at jxl.Workbook.createWorkbook(Workbook.java:301)
	at jxl.Workbook.createWorkbook(Workbook.java:286)
	at exe.ExcelRun.TestRunFinalProcess(ExcelRun.java:30)
]]></failure>
  </testcase>
</testsuite>