<?xml version="1.0" encoding="UTF-8"?>
<testsuite name="TestSuite" time="2.237" tests="13" errors="0" skipped="0" failures="9">
  <properties>
[...]
</properties>
  <testcase name="ArthaDB_ProdCodes_Check_TC001" classname="exe.Arthadb_Automation" time="1.204">
    <failure message="AUDIT-Product Codes check is Failed at UniqueID=J901891D18902,J911620FS4904, expected:&lt;0&gt; but was:&lt;2&gt;" type="junit.framework.AssertionFailedError"><![CDATA[junit.framework.AssertionFailedError: AUDIT-Product Codes check is Failed at UniqueID=J901891D18902,J911620FS4904, expected:<0> but was:<2>
	at junit.framework.Assert.fail(Assert.java:57)
	at junit.framework.Assert.failNotEquals(Assert.java:329)
	at junit.framework.Assert.assertEquals(Assert.java:78)
	at junit.framework.Assert.assertEquals(Assert.java:234)
	at exe.Arthadb_Automation.ArthaDB_ProdCodes_Check_TC001(Arthadb_Automation.java:65)
]]></failure>
    <system-err><![CDATA[Loading class `com.mysql.jdbc.Driver'. This is deprecated. The new driver class is `com.mysql.cj.jdbc.Driver'. The driver is automatically registered via the SPI and manual loading of the driver class is generally unnecessary.
Thu Sep 28 11:31:29 IST 2017 WARN: Establishing SSL connection without server's identity verification is not recommended. According to MySQL 5.5.45+, 5.6.26+ and 5.7.6+ requirements SSL connection must be established by default if explicit option isn't set. For compliance with existing applications not using SSL the verifyServerCertificate property is set to 'false'. You need either to explicitly disable SSL by setting useSSL=false, or set useSSL=true and provide truststore for server certificate verification.
]]></system-err>
  </testcase>
  <testcase name="ArthaDB_AuditDates_Check_TC002" classname="exe.Arthadb_Automation" time="0.069"/>
  <testcase name="ArthaDB_Account_Number_Check_TC003" classname="exe.Arthadb_Automation" time="0.045">
    <failure message="PAYMENTS-Account Number check is Failed at Invoice_Number=J91606706e6C122, expected:&lt;0&gt; but was:&lt;1&gt;" type="junit.framework.AssertionFailedError"><![CDATA[junit.framework.AssertionFailedError: PAYMENTS-Account Number check is Failed at Invoice_Number=J91606706e6C122, expected:<0> but was:<1>
	at junit.framework.Assert.fail(Assert.java:57)
	at junit.framework.Assert.failNotEquals(Assert.java:329)
	at junit.framework.Assert.assertEquals(Assert.java:78)
	at junit.framework.Assert.assertEquals(Assert.java:234)
	at exe.Arthadb_Automation.ArthaDB_Account_Number_Check_TC003(Arthadb_Automation.java:153)
]]></failure>
    <system-err><![CDATA[Thu Sep 28 11:31:29 IST 2017 WARN: Establishing SSL connection without server's identity verification is not recommended. According to MySQL 5.5.45+, 5.6.26+ and 5.7.6+ requirements SSL connection must be established by default if explicit option isn't set. For compliance with existing applications not using SSL the verifyServerCertificate property is set to 'false'. You need either to explicitly disable SSL by setting useSSL=false, or set useSSL=true and provide truststore for server certificate verification.
]]></system-err>
  </testcase>
  <testcase name="ArthaDB_ChargeType_Check_TC004" classname="exe.Arthadb_Automation" time="0.061">
    <failure message="PAYMENTS-Charge Type check is Failed at Account_Number(s)=ACCD101N8776123, expected:&lt;0&gt; but was:&lt;1&gt;" type="junit.framework.AssertionFailedError"><![CDATA[junit.framework.AssertionFailedError: PAYMENTS-Charge Type check is Failed at Account_Number(s)=ACCD101N8776123, expected:<0> but was:<1>
	at junit.framework.Assert.fail(Assert.java:57)
	at junit.framework.Assert.failNotEquals(Assert.java:329)
	at junit.framework.Assert.assertEquals(Assert.java:78)
	at junit.framework.Assert.assertEquals(Assert.java:234)
	at exe.Arthadb_Automation.ArthaDB_ChargeType_Check_TC004(Arthadb_Automation.java:197)
]]></failure>
    <system-err><![CDATA[Thu Sep 28 11:31:29 IST 2017 WARN: Establishing SSL connection without server's identity verification is not recommended. According to MySQL 5.5.45+, 5.6.26+ and 5.7.6+ requirements SSL connection must be established by default if explicit option isn't set. For compliance with existing applications not using SSL the verifyServerCertificate property is set to 'false'. You need either to explicitly disable SSL by setting useSSL=false, or set useSSL=true and provide truststore for server certificate verification.
]]></system-err>
  </testcase>
  <testcase name="ArthaDB_Invoice_Number_Check_TC005" classname="exe.Arthadb_Automation" time="0.036">
    <failure message="PAYMENTS-Invoice Number check is Failed at Account_Number(s)=ACCD101N9990884, expected:&lt;0&gt; but was:&lt;1&gt;" type="junit.framework.AssertionFailedError"><![CDATA[junit.framework.AssertionFailedError: PAYMENTS-Invoice Number check is Failed at Account_Number(s)=ACCD101N9990884, expected:<0> but was:<1>
	at junit.framework.Assert.fail(Assert.java:57)
	at junit.framework.Assert.failNotEquals(Assert.java:329)
	at junit.framework.Assert.assertEquals(Assert.java:78)
	at junit.framework.Assert.assertEquals(Assert.java:234)
	at exe.Arthadb_Automation.ArthaDB_Invoice_Number_Check_TC005(Arthadb_Automation.java:241)
]]></failure>
    <system-err><![CDATA[Thu Sep 28 11:31:29 IST 2017 WARN: Establishing SSL connection without server's identity verification is not recommended. According to MySQL 5.5.45+, 5.6.26+ and 5.7.6+ requirements SSL connection must be established by default if explicit option isn't set. For compliance with existing applications not using SSL the verifyServerCertificate property is set to 'false'. You need either to explicitly disable SSL by setting useSSL=false, or set useSSL=true and provide truststore for server certificate verification.
]]></system-err>
  </testcase>
  <testcase name="ArthaDB_Transaction_Amount_Check_TC006" classname="exe.Arthadb_Automation" time="0.022"/>
  <testcase name="ArthaDB_ChargeSign_Check_TC007" classname="exe.Arthadb_Automation" time="0.026">
    <failure message="PAYMENTS-Charge Sign Codes check is Failed at Account_Number=ACCD101N8776123, expected:&lt;0&gt; but was:&lt;1&gt;" type="junit.framework.AssertionFailedError"><![CDATA[junit.framework.AssertionFailedError: PAYMENTS-Charge Sign Codes check is Failed at Account_Number=ACCD101N8776123, expected:<0> but was:<1>
	at junit.framework.Assert.fail(Assert.java:57)
	at junit.framework.Assert.failNotEquals(Assert.java:329)
	at junit.framework.Assert.assertEquals(Assert.java:78)
	at junit.framework.Assert.assertEquals(Assert.java:234)
	at exe.Arthadb_Automation.ArthaDB_ChargeSign_Check_TC007(Arthadb_Automation.java:330)
]]></failure>
    <system-err><![CDATA[Thu Sep 28 11:31:29 IST 2017 WARN: Establishing SSL connection without server's identity verification is not recommended. According to MySQL 5.5.45+, 5.6.26+ and 5.7.6+ requirements SSL connection must be established by default if explicit option isn't set. For compliance with existing applications not using SSL the verifyServerCertificate property is set to 'false'. You need either to explicitly disable SSL by setting useSSL=false, or set useSSL=true and provide truststore for server certificate verification.
]]></system-err>
  </testcase>
  <testcase name="ArthaDB_Record_Type_Check_TC008" classname="exe.Arthadb_Automation" time="0.033">
    <failure message="PAYMENTS-Record Type check is Failed at Invoice_Number=J9908844423C102,J91606706e6C122, expected:&lt;0&gt; but was:&lt;2&gt;" type="junit.framework.AssertionFailedError"><![CDATA[junit.framework.AssertionFailedError: PAYMENTS-Record Type check is Failed at Invoice_Number=J9908844423C102,J91606706e6C122, expected:<0> but was:<2>
	at junit.framework.Assert.fail(Assert.java:57)
	at junit.framework.Assert.failNotEquals(Assert.java:329)
	at junit.framework.Assert.assertEquals(Assert.java:78)
	at junit.framework.Assert.assertEquals(Assert.java:234)
	at exe.Arthadb_Automation.ArthaDB_Record_Type_Check_TC008(Arthadb_Automation.java:374)
]]></failure>
    <system-err><![CDATA[Thu Sep 28 11:31:29 IST 2017 WARN: Establishing SSL connection without server's identity verification is not recommended. According to MySQL 5.5.45+, 5.6.26+ and 5.7.6+ requirements SSL connection must be established by default if explicit option isn't set. For compliance with existing applications not using SSL the verifyServerCertificate property is set to 'false'. You need either to explicitly disable SSL by setting useSSL=false, or set useSSL=true and provide truststore for server certificate verification.
]]></system-err>
  </testcase>
  <testcase name="ArthaDB_Customer_FirstName_Check_TC009" classname="exe.Arthadb_Automation" time="0.032">
    <failure message="CUSTOMERS-First Name check is Failed at SSN=620-74-4374, expected:&lt;0&gt; but was:&lt;1&gt;" type="junit.framework.AssertionFailedError"><![CDATA[junit.framework.AssertionFailedError: CUSTOMERS-First Name check is Failed at SSN=620-74-4374, expected:<0> but was:<1>
	at junit.framework.Assert.fail(Assert.java:57)
	at junit.framework.Assert.failNotEquals(Assert.java:329)
	at junit.framework.Assert.assertEquals(Assert.java:78)
	at junit.framework.Assert.assertEquals(Assert.java:234)
	at exe.Arthadb_Automation.ArthaDB_Customer_FirstName_Check_TC009(Arthadb_Automation.java:418)
]]></failure>
    <system-err><![CDATA[Thu Sep 28 11:31:29 IST 2017 WARN: Establishing SSL connection without server's identity verification is not recommended. According to MySQL 5.5.45+, 5.6.26+ and 5.7.6+ requirements SSL connection must be established by default if explicit option isn't set. For compliance with existing applications not using SSL the verifyServerCertificate property is set to 'false'. You need either to explicitly disable SSL by setting useSSL=false, or set useSSL=true and provide truststore for server certificate verification.
]]></system-err>
  </testcase>
  <testcase name="ArthaDB_Record_Type_Check_TC010" classname="exe.Arthadb_Automation" time="0.049">
    <failure message="CUSTOMERS- SSN check is Failed at CustomerPK=5, expected:&lt;0&gt; but was:&lt;1&gt;" type="junit.framework.AssertionFailedError"><![CDATA[junit.framework.AssertionFailedError: CUSTOMERS- SSN check is Failed at CustomerPK=5, expected:<0> but was:<1>
	at junit.framework.Assert.fail(Assert.java:57)
	at junit.framework.Assert.failNotEquals(Assert.java:329)
	at junit.framework.Assert.assertEquals(Assert.java:78)
	at junit.framework.Assert.assertEquals(Assert.java:234)
	at exe.Arthadb_Automation.ArthaDB_Record_Type_Check_TC010(Arthadb_Automation.java:462)
]]></failure>
    <system-err><![CDATA[Thu Sep 28 11:31:29 IST 2017 WARN: Establishing SSL connection without server's identity verification is not recommended. According to MySQL 5.5.45+, 5.6.26+ and 5.7.6+ requirements SSL connection must be established by default if explicit option isn't set. For compliance with existing applications not using SSL the verifyServerCertificate property is set to 'false'. You need either to explicitly disable SSL by setting useSSL=false, or set useSSL=true and provide truststore for server certificate verification.
]]></system-err>
  </testcase>
  <testcase name="ArthaDB_Record_Type_Check_TC011" classname="exe.Arthadb_Automation" time="0.027">
    <failure message="PARTNERS-Record Type check is Failed at Partner_Account_Number=15914697799,25710135206, expected:&lt;0&gt; but was:&lt;2&gt;" type="junit.framework.AssertionFailedError"><![CDATA[junit.framework.AssertionFailedError: PARTNERS-Record Type check is Failed at Partner_Account_Number=15914697799,25710135206, expected:<0> but was:<2>
	at junit.framework.Assert.fail(Assert.java:57)
	at junit.framework.Assert.failNotEquals(Assert.java:329)
	at junit.framework.Assert.assertEquals(Assert.java:78)
	at junit.framework.Assert.assertEquals(Assert.java:234)
	at exe.Arthadb_Automation.ArthaDB_Record_Type_Check_TC011(Arthadb_Automation.java:506)
]]></failure>
    <system-err><![CDATA[Thu Sep 28 11:31:29 IST 2017 WARN: Establishing SSL connection without server's identity verification is not recommended. According to MySQL 5.5.45+, 5.6.26+ and 5.7.6+ requirements SSL connection must be established by default if explicit option isn't set. For compliance with existing applications not using SSL the verifyServerCertificate property is set to 'false'. You need either to explicitly disable SSL by setting useSSL=false, or set useSSL=true and provide truststore for server certificate verification.
]]></system-err>
  </testcase>
  <testcase name="ArthaDB_Premise_City_Check_TC012" classname="exe.Arthadb_Automation" time="0.023"/>
  <testcase name="TestRunFinalProcess" classname="exe.ExcelRun" time="0.61"/>
</testsuite>